<?xml version="1.0" encoding="UTF-8"?>
<testng-results ignored="0" total="1" passed="1" failed="0" skipped="0">
  <reporter-output>
  </reporter-output>
  <suite started-at="2025-07-17T02:54:36 IST" name="nopcommerce UAT" finished-at="2025-07-17T02:54:40 IST" duration-ms="4508">
    <groups>
    </groups>
    <test started-at="2025-07-17T02:54:36 IST" name="LoginTest" finished-at="2025-07-17T02:54:40 IST" duration-ms="4508">
      <class name="tests.nopcommerce_Valid_Login_Test">
        <test-method is-config="true" signature="setUp()[pri:0, instance:tests.nopcommerce_Valid_Login_Test@69997e9d]" started-at="2025-07-17T02:54:36 IST" name="setUp" finished-at="2025-07-17T02:54:39 IST" duration-ms="3538" status="PASS">
          <reporter-output>
          </reporter-output>
        </test-method> <!-- setUp -->
        <test-method signature="Valid_Login_Test()[pri:0, instance:tests.nopcommerce_Valid_Login_Test@69997e9d]" started-at="2025-07-17T02:54:39 IST" name="Valid_Login_Test" finished-at="2025-07-17T02:54:40 IST" duration-ms="689" status="PASS">
          <reporter-output>
          </reporter-output>
        </test-method> <!-- Valid_Login_Test -->
        <test-method is-config="true" signature="tearDown()[pri:0, instance:tests.nopcommerce_Valid_Login_Test@69997e9d]" started-at="2025-07-17T02:54:40 IST" name="tearDown" finished-at="2025-07-17T02:54:40 IST" duration-ms="251" status="PASS">
          <reporter-output>
          </reporter-output>
        </test-method> <!-- tearDown -->
      </class> <!-- tests.nopcommerce_Valid_Login_Test -->
    </test> <!-- LoginTest -->
  </suite> <!-- nopcommerce UAT -->
</testng-results>
